C:\USERS\ADMINISTRATOR\DESKTOP\DATAANALYSIS\DATAANALYSIS\RELEASE\DATAANALYSIS.EXE.INTERMEDIATE.MANIFEST
C:\USERS\ADMINISTRATOR\DESKTOP\DATAANALYSIS\DATAANALYSIS\RELEASE\DATAANALYSIS.OBJ
C:\USERS\ADMINISTRATOR\DESKTOP\DATAANALYSIS\DATAANALYSIS\RELEASE\DATAANALYSIS.PCH
C:\USERS\ADMINISTRATOR\DESKTOP\DATAANALYSIS\DATAANALYSIS\RELEASE\STDAFX.OBJ
C:\USERS\ADMINISTRATOR\DESKTOP\DATAANALYSIS\DATAANALYSIS\RELEASE\VC100.PDB
C:\USERS\ADMINISTRATOR\DESKTOP\DATAANALYSIS\RELEASE\DATAANALYSIS.EXE
C:\USERS\ADMINISTRATOR\DESKTOP\DATAANALYSIS\RELEASE\DATAANALYSIS.PDB
F:\1-毕业设计相关程序\DataAnalysis\DataAnalysis\Release\cl.command.1.tlog
F:\1-毕业设计相关程序\DataAnalysis\DataAnalysis\Release\CL.read.1.tlog
F:\1-毕业设计相关程序\DataAnalysis\DataAnalysis\Release\CL.write.1.tlog
F:\1-毕业设计相关程序\DATAANALYSIS\DATAANALYSIS\RELEASE\DATAANALYSIS.EXE.INTERMEDIATE.MANIFEST
F:\1-毕业设计相关程序\DATAANALYSIS\DATAANALYSIS\RELEASE\DATAANALYSIS.OBJ
F:\1-毕业设计相关程序\DATAANALYSIS\DATAANALYSIS\RELEASE\DATAANALYSIS.PCH
F:\1-毕业设计相关程序\DataAnalysis\DataAnalysis\Release\DataAnalysis.vcxprojResolveAssemblyReference.cache
F:\1-毕业设计相关程序\DataAnalysis\DataAnalysis\Release\DataAnalysis.write.1.tlog
F:\1-毕业设计相关程序\DataAnalysis\DataAnalysis\Release\link.command.1.tlog
F:\1-毕业设计相关程序\DataAnalysis\DataAnalysis\Release\link.read.1.tlog
F:\1-毕业设计相关程序\DataAnalysis\DataAnalysis\Release\link.write.1.tlog
F:\1-毕业设计相关程序\DataAnalysis\DataAnalysis\Release\mt.command.1.tlog
F:\1-毕业设计相关程序\DataAnalysis\DataAnalysis\Release\mt.read.1.tlog
F:\1-毕业设计相关程序\DataAnalysis\DataAnalysis\Release\mt.write.1.tlog
F:\1-毕业设计相关程序\DATAANALYSIS\DATAANALYSIS\RELEASE\STDAFX.OBJ
F:\1-毕业设计相关程序\DATAANALYSIS\DATAANALYSIS\RELEASE\VC100.PDB
F:\1-毕业设计相关程序\DATAANALYSIS\RELEASE\DATAANALYSIS.EXE
F:\1-毕业设计相关程序\DATAANALYSIS\RELEASE\DATAANALYSIS.PDB
